<?xml version="1.0" encoding="UTF-8"?>
<coverage generated="1644701430887" clover="3.2.0">
  <project timestamp="1644701430887" name="All files">
    <metrics statements="72" coveredstatements="0" conditionals="6" coveredconditionals="0" methods="27" coveredmethods="0" elements="105" coveredelements="0" complexity="0" loc="72" ncloc="72" packages="2" files="13" classes="13"/>
    <package name="components">
      <metrics statements="53" coveredstatements="0" conditionals="6" coveredconditionals="0" methods="21" coveredmethods="0"/>
      <file name="BackButton.vue" path="/Users/esrayilmaz/Desktop/repos/sticker-album/src/components/BackButton.vue">
        <metrics statements="6" coveredstatements="0" conditionals="4" coveredconditionals="0" methods="2" coveredmethods="0"/>
        <line num="10" count="0" type="stmt"/>
        <line num="11" count="0" type="stmt"/>
        <line num="16" count="0" type="stmt"/>
        <line num="17" count="0" type="cond" truecount="0" falsecount="2"/>
        <line num="18" count="0" type="cond" truecount="0" falsecount="2"/>
        <line num="28" count="0" type="stmt"/>
      </file>
      <file name="CoverPageElements.vue" path="/Users/esrayilmaz/Desktop/repos/sticker-album/src/components/CoverPageElements.vue">
        <metrics statements="4" coveredstatements="0" conditionals="0" coveredconditionals="0" methods="1" coveredmethods="0"/>
        <line num="19" count="0" type="stmt"/>
        <line num="20" count="0" type="stmt"/>
        <line num="21" count="0" type="stmt"/>
        <line num="29" count="0" type="stmt"/>
      </file>
      <file name="EmployeeDetails.vue" path="/Users/esrayilmaz/Desktop/repos/sticker-album/src/components/EmployeeDetails.vue">
        <metrics statements="3" coveredstatements="0" conditionals="0" coveredconditionals="0" methods="2" coveredmethods="0"/>
        <line num="15" count="0" type="stmt"/>
        <line num="20" count="0" type="stmt"/>
        <line num="26" count="0" type="stmt"/>
      </file>
      <file name="EmployeeList.vue" path="/Users/esrayilmaz/Desktop/repos/sticker-album/src/components/EmployeeList.vue">
        <metrics statements="3" coveredstatements="0" conditionals="0" coveredconditionals="0" methods="1" coveredmethods="0"/>
        <line num="12" count="0" type="stmt"/>
        <line num="13" count="0" type="stmt"/>
        <line num="21" count="0" type="stmt"/>
      </file>
      <file name="GetStickers.vue" path="/Users/esrayilmaz/Desktop/repos/sticker-album/src/components/GetStickers.vue">
        <metrics statements="21" coveredstatements="0" conditionals="0" coveredconditionals="0" methods="8" coveredmethods="0"/>
        <line num="47" count="0" type="stmt"/>
        <line num="48" count="0" type="stmt"/>
        <line num="49" count="0" type="stmt"/>
        <line num="50" count="0" type="stmt"/>
        <line num="51" count="0" type="stmt"/>
        <line num="60" count="0" type="stmt"/>
        <line num="70" count="0" type="stmt"/>
        <line num="73" count="0" type="stmt"/>
        <line num="76" count="0" type="stmt"/>
        <line num="77" count="0" type="stmt"/>
        <line num="78" count="0" type="stmt"/>
        <line num="79" count="0" type="stmt"/>
        <line num="83" count="0" type="stmt"/>
        <line num="84" count="0" type="stmt"/>
        <line num="87" count="0" type="stmt"/>
        <line num="91" count="0" type="stmt"/>
        <line num="92" count="0" type="stmt"/>
        <line num="96" count="0" type="stmt"/>
        <line num="99" count="0" type="stmt"/>
        <line num="100" count="0" type="stmt"/>
        <line num="104" count="0" type="stmt"/>
      </file>
      <file name="HelloWorld.vue" path="/Users/esrayilmaz/Desktop/repos/sticker-album/src/components/HelloWorld.vue">
        <metrics statements="4" coveredstatements="0" conditionals="0" coveredconditionals="0" methods="1" coveredmethods="0"/>
        <line num="114" count="0" type="stmt"/>
        <line num="117" count="0" type="stmt"/>
        <line num="118" count="0" type="stmt"/>
        <line num="119" count="0" type="stmt"/>
      </file>
      <file name="Modal.vue" path="/Users/esrayilmaz/Desktop/repos/sticker-album/src/components/Modal.vue">
        <metrics statements="2" coveredstatements="0" conditionals="0" coveredconditionals="0" methods="1" coveredmethods="0"/>
        <line num="24" count="0" type="stmt"/>
        <line num="29" count="0" type="stmt"/>
      </file>
      <file name="NextButton.vue" path="/Users/esrayilmaz/Desktop/repos/sticker-album/src/components/NextButton.vue">
        <metrics statements="5" coveredstatements="0" conditionals="2" coveredconditionals="0" methods="2" coveredmethods="0"/>
        <line num="10" count="0" type="stmt"/>
        <line num="11" count="0" type="stmt"/>
        <line num="16" count="0" type="cond" truecount="0" falsecount="2"/>
        <line num="19" count="0" type="stmt"/>
        <line num="26" count="0" type="stmt"/>
      </file>
      <file name="ScrumTeamDetails.vue" path="/Users/esrayilmaz/Desktop/repos/sticker-album/src/components/ScrumTeamDetails.vue">
        <metrics statements="2" coveredstatements="0" conditionals="0" coveredconditionals="0" methods="1" coveredmethods="0"/>
        <line num="13" count="0" type="stmt"/>
        <line num="18" count="0" type="stmt"/>
      </file>
      <file name="StickerSet.vue" path="/Users/esrayilmaz/Desktop/repos/sticker-album/src/components/StickerSet.vue">
        <metrics statements="3" coveredstatements="0" conditionals="0" coveredconditionals="0" methods="2" coveredmethods="0"/>
        <line num="21" count="0" type="stmt"/>
        <line num="26" count="0" type="stmt"/>
        <line num="30" count="0" type="stmt"/>
      </file>
    </package>
    <package name="views">
      <metrics statements="19" coveredstatements="0" conditionals="0" coveredconditionals="0" methods="6" coveredmethods="0"/>
      <file name="CoverPage.vue" path="/Users/esrayilmaz/Desktop/repos/sticker-album/src/views/CoverPage.vue">
        <metrics statements="3" coveredstatements="0" conditionals="0" coveredconditionals="0" methods="1" coveredmethods="0"/>
        <line num="8" count="0" type="stmt"/>
        <line num="9" count="0" type="stmt"/>
        <line num="16" count="0" type="stmt"/>
      </file>
      <file name="Home.vue" path="/Users/esrayilmaz/Desktop/repos/sticker-album/src/views/Home.vue">
        <metrics statements="3" coveredstatements="0" conditionals="0" coveredconditionals="0" methods="1" coveredmethods="0"/>
        <line num="9" count="0" type="stmt"/>
        <line num="10" count="0" type="stmt"/>
        <line num="17" count="0" type="stmt"/>
      </file>
      <file name="ScrumTeam.vue" path="/Users/esrayilmaz/Desktop/repos/sticker-album/src/views/ScrumTeam.vue">
        <metrics statements="13" coveredstatements="0" conditionals="0" coveredconditionals="0" methods="4" coveredmethods="0"/>
        <line num="20" count="0" type="stmt"/>
        <line num="21" count="0" type="stmt"/>
        <line num="22" count="0" type="stmt"/>
        <line num="23" count="0" type="stmt"/>
        <line num="24" count="0" type="stmt"/>
        <line num="34" count="0" type="stmt"/>
        <line num="43" count="0" type="stmt"/>
        <line num="44" count="0" type="stmt"/>
        <line num="45" count="0" type="stmt"/>
        <line num="49" count="0" type="stmt"/>
        <line num="50" count="0" type="stmt"/>
        <line num="51" count="0" type="stmt"/>
        <line num="54" count="0" type="stmt"/>
      </file>
    </package>
  </project>
</coverage>
