TN:
SF:/Users/esrayilmaz/Desktop/repos/sticker-album/src/components/BackButton.vue
FN:28,(anonymous_2)
FN:15,(anonymous_4)
FNF:2
FNH:0
FNDA:0,(anonymous_2)
FNDA:0,(anonymous_4)
DA:10,0
DA:11,0
DA:16,0
DA:17,0
DA:18,0
DA:28,0
LF:6
LH:0
BRDA:17,0,0,0
BRDA:17,0,1,0
BRDA:18,1,0,0
BRDA:18,1,1,0
BRF:4
BRH:0
end_of_record
TN:
SF:/Users/esrayilmaz/Desktop/repos/sticker-album/src/components/CoverPageElements.vue
FN:29,(anonymous_2)
FNF:1
FNH:0
FNDA:0,(anonymous_2)
DA:19,0
DA:20,0
DA:21,0
DA:29,0
LF:4
LH:0
BRF:0
BRH:0
end_of_record
TN:
SF:/Users/esrayilmaz/Desktop/repos/sticker-album/src/components/EmployeeDetails.vue
FN:26,(anonymous_1)
FN:19,(anonymous_3)
FNF:2
FNH:0
FNDA:0,(anonymous_1)
FNDA:0,(anonymous_3)
DA:15,0
DA:20,0
DA:26,0
LF:3
LH:0
BRF:0
BRH:0
end_of_record
TN:
SF:/Users/esrayilmaz/Desktop/repos/sticker-album/src/components/EmployeeList.vue
FN:21,(anonymous_2)
FNF:1
FNH:0
FNDA:0,(anonymous_2)
DA:12,0
DA:13,0
DA:21,0
LF:3
LH:0
BRF:0
BRH:0
end_of_record
TN:
SF:/Users/esrayilmaz/Desktop/repos/sticker-album/src/components/GetStickers.vue
FN:104,(anonymous_2)
FN:59,(anonymous_4)
FN:69,(anonymous_5)
FN:72,(anonymous_6)
FN:75,(anonymous_7)
FN:77,(anonymous_8)
FN:86,(anonymous_9)
FN:98,(anonymous_10)
FNF:8
FNH:0
FNDA:0,(anonymous_2)
FNDA:0,(anonymous_4)
FNDA:0,(anonymous_5)
FNDA:0,(anonymous_6)
FNDA:0,(anonymous_7)
FNDA:0,(anonymous_8)
FNDA:0,(anonymous_9)
FNDA:0,(anonymous_10)
DA:47,0
DA:48,0
DA:49,0
DA:50,0
DA:51,0
DA:60,0
DA:70,0
DA:73,0
DA:76,0
DA:77,0
DA:78,0
DA:79,0
DA:83,0
DA:84,0
DA:87,0
DA:91,0
DA:92,0
DA:96,0
DA:99,0
DA:100,0
DA:104,0
LF:21
LH:0
BRF:0
BRH:0
end_of_record
TN:
SF:/Users/esrayilmaz/Desktop/repos/sticker-album/src/components/HelloWorld.vue
FN:117,(anonymous_1)
FNF:1
FNH:0
FNDA:0,(anonymous_1)
DA:114,0
DA:117,0
DA:118,0
DA:119,0
LF:4
LH:0
BRF:0
BRH:0
end_of_record
TN:
SF:/Users/esrayilmaz/Desktop/repos/sticker-album/src/components/Modal.vue
FN:29,(anonymous_1)
FNF:1
FNH:0
FNDA:0,(anonymous_1)
DA:24,0
DA:29,0
LF:2
LH:0
BRF:0
BRH:0
end_of_record
TN:
SF:/Users/esrayilmaz/Desktop/repos/sticker-album/src/components/NextButton.vue
FN:26,(anonymous_2)
FN:15,(anonymous_4)
FNF:2
FNH:0
FNDA:0,(anonymous_2)
FNDA:0,(anonymous_4)
DA:10,0
DA:11,0
DA:16,0
DA:19,0
DA:26,0
LF:5
LH:0
BRDA:16,0,0,0
BRDA:16,0,1,0
BRF:2
BRH:0
end_of_record
TN:
SF:/Users/esrayilmaz/Desktop/repos/sticker-album/src/components/ScrumTeamDetails.vue
FN:18,(anonymous_1)
FNF:1
FNH:0
FNDA:0,(anonymous_1)
DA:13,0
DA:18,0
LF:2
LH:0
BRF:0
BRH:0
end_of_record
TN:
SF:/Users/esrayilmaz/Desktop/repos/sticker-album/src/components/StickerSet.vue
FN:30,(anonymous_1)
FN:25,(anonymous_3)
FNF:2
FNH:0
FNDA:0,(anonymous_1)
FNDA:0,(anonymous_3)
DA:21,0
DA:26,0
DA:30,0
LF:3
LH:0
BRF:0
BRH:0
end_of_record
TN:
SF:/Users/esrayilmaz/Desktop/repos/sticker-album/src/views/CoverPage.vue
FN:16,(anonymous_2)
FNF:1
FNH:0
FNDA:0,(anonymous_2)
DA:8,0
DA:9,0
DA:16,0
LF:3
LH:0
BRF:0
BRH:0
end_of_record
TN:
SF:/Users/esrayilmaz/Desktop/repos/sticker-album/src/views/Home.vue
FN:17,(anonymous_2)
FNF:1
FNH:0
FNDA:0,(anonymous_2)
DA:9,0
DA:10,0
DA:17,0
LF:3
LH:0
BRF:0
BRH:0
end_of_record
TN:
SF:/Users/esrayilmaz/Desktop/repos/sticker-album/src/views/ScrumTeam.vue
FN:54,(anonymous_2)
FN:33,(anonymous_4)
FN:42,(anonymous_5)
FN:48,(anonymous_6)
FNF:4
FNH:0
FNDA:0,(anonymous_2)
FNDA:0,(anonymous_4)
FNDA:0,(anonymous_5)
FNDA:0,(anonymous_6)
DA:20,0
DA:21,0
DA:22,0
DA:23,0
DA:24,0
DA:34,0
DA:43,0
DA:44,0
DA:45,0
DA:49,0
DA:50,0
DA:51,0
DA:54,0
LF:13
LH:0
BRF:0
BRH:0
end_of_record
